;  LST file generated by mikroListExporter - v.2.0 
; Date/Time: 15.12.2023 15:46:17
;----------------------------------------------

;Address Opcode 	ASM
____SysVT:
0x9FC01180	0x0B400008  J	___GenExcept
0x9FC01184	0x70000000  NOP	
; end of ____SysVT
____BootVT:
0xBFC00380	0x3C1E9D00  LUI	R30, 40192
0xBFC00384	0x37DE0038  ORI	R30, R30, 56
0xBFC00388	0x03C00008  JR	R30
0xBFC0038C	0x70000000  NOP	
; end of ____BootVT
_main:
;Push_button.c, 8 :: 		void main() {
0x9D000050	0x0F40003B  JAL	2634023148
0x9D000054	0x70000000  NOP	
;Push_button.c, 10 :: 		AD1PCFG = 0xFFFF; // Configure
0x9D000058	0x3402FFFF  ORI	R2, R0, 65535
0x9D00005C	0x3C1EBF81  LUI	R30, 49025
0x9D000060	0xAFC29060  SW	R2, -28576(R30)
;Push_button.c, 11 :: 		DDPCON.JTAGEN = 0; // disable JTAG
0x9D000064	0x3C1EBF81  LUI	R30, 49025
0x9D000068	0x93C2F200  LBU	R2, -3584(R30)
0x9D00006C	0x7C0218C4  INS	R2, R0, 3, 1
0x9D000070	0x3C1EBF81  LUI	R30, 49025
0x9D000074	0xA3C2F200  SB	R2, -3584(R30)
;Push_button.c, 13 :: 		TRISA = 0x0000; //portC is used as an output (for DC Motor)
0x9D000078	0x3C1EBF88  LUI	R30, 49032
0x9D00007C	0xAFC06000  SW	R0, 24576(R30)
;Push_button.c, 14 :: 		PORTA = 0Xffff;
0x9D000080	0x3402FFFF  ORI	R2, R0, 65535
0x9D000084	0x3C1EBF88  LUI	R30, 49032
0x9D000088	0xAFC26010  SW	R2, 24592(R30)
;Push_button.c, 17 :: 		TRISE = 0xFFFF; //portE is used as an input (for push buttons)
0x9D00008C	0x3402FFFF  ORI	R2, R0, 65535
0x9D000090	0x3C1EBF88  LUI	R30, 49032
0x9D000094	0xAFC26100  SW	R2, 24832(R30)
;Push_button.c, 18 :: 		PORTE = 0X0000;
0x9D000098	0x3C1EBF88  LUI	R30, 49032
0x9D00009C	0xAFC06110  SW	R0, 24848(R30)
;Push_button.c, 22 :: 		while(1) {
L_main0:
;Push_button.c, 24 :: 		PORTAbits.RA1 = PORTEbits.RE0;; // button 0, counter clockwise
0x9D0000A0	0x3C1EBF88  LUI	R30, 49032
0x9D0000A4	0x93C26110  LBU	R2, 24848(R30)
0x9D0000A8	0x7C430000  EXT	R3, R2, 0, 1
0x9D0000AC	0x3C1EBF88  LUI	R30, 49032
0x9D0000B0	0x93C26010  LBU	R2, 24592(R30)
0x9D0000B4	0x7C620844  INS	R2, R3, 1, 1
0x9D0000B8	0x3C1EBF88  LUI	R30, 49032
0x9D0000BC	0xA3C26010  SB	R2, 24592(R30)
;Push_button.c, 25 :: 		PORTAbits.RA2 = PORTEbits.RE1; // button 1, clockwise
0x9D0000C0	0x3C1EBF88  LUI	R30, 49032
0x9D0000C4	0x93C26110  LBU	R2, 24848(R30)
0x9D0000C8	0x7C430040  EXT	R3, R2, 1, 1
0x9D0000CC	0x3C1EBF88  LUI	R30, 49032
0x9D0000D0	0x93C26010  LBU	R2, 24592(R30)
0x9D0000D4	0x7C621084  INS	R2, R3, 2, 1
0x9D0000D8	0x3C1EBF88  LUI	R30, 49032
;Push_button.c, 27 :: 		}
0x9D0000DC	0x0B400028  J	L_main0
0x9D0000E0	0xA3C26010  SB	R2, 24592(R30)
;Push_button.c, 28 :: 		}
L_end_main:
L__main_end_loop:
0x9D0000E4	0x0B400039  J	L__main_end_loop
0x9D0000E8	0x70000000  NOP	
; end of _main
___FillZeros:
;__Lib_System.c, 161 :: 		
0x9D000000	0x27BDFFFC  ADDIU	SP, SP, -4
;__Lib_System.c, 163 :: 		
L___FillZeros0:
;__Lib_System.c, 164 :: 		
0x9D000004	0x12F60004  BEQ	R23, R22, L___FillZeros1
;__Lib_System.c, 165 :: 		
0x9D000008	0x70000000  NOP	
;__Lib_System.c, 166 :: 		
L____FillZeros4:
;__Lib_System.c, 167 :: 		
0x9D00000C	0xAEE00000  SW	R0, 0(R23)
;__Lib_System.c, 168 :: 		
0x9D000010	0x0B400001  J	L___FillZeros0
;__Lib_System.c, 169 :: 		
0x9D000014	0x26F70004  ADDIU	R23, R23, 4
;__Lib_System.c, 170 :: 		
L___FillZeros1:
;__Lib_System.c, 172 :: 		
L_end___FillZeros:
0x9D000018	0x03E00008  JR	RA
0x9D00001C	0x27BD0004  ADDIU	SP, SP, 4
; end of ___FillZeros
___BootStartUp:
;__Lib_System.c, 68 :: 		
0xBFC00000	0x27BDFFFC  ADDIU	SP, SP, -4
;__Lib_System.c, 72 :: 		
0xBFC00004	0x70000000  NOP	
;__Lib_System.c, 73 :: 		
0xBFC00008	0x70000000  NOP	
;__Lib_System.c, 74 :: 		
0xBFC0000C	0x70000000  NOP	
;__Lib_System.c, 75 :: 		
0xBFC00010	0x70000000  NOP	
;__Lib_System.c, 76 :: 		
0xBFC00014	0x70000000  NOP	
;__Lib_System.c, 77 :: 		
0xBFC00018	0x70000000  NOP	
;__Lib_System.c, 78 :: 		
0xBFC0001C	0x70000000  NOP	
;__Lib_System.c, 79 :: 		
0xBFC00020	0x70000000  NOP	
;__Lib_System.c, 80 :: 		
0xBFC00024	0x70000000  NOP	
;__Lib_System.c, 81 :: 		
0xBFC00028	0x70000000  NOP	
;__Lib_System.c, 82 :: 		
0xBFC0002C	0x70000000  NOP	
;__Lib_System.c, 83 :: 		
0xBFC00030	0x70000000  NOP	
;__Lib_System.c, 84 :: 		
0xBFC00034	0x70000000  NOP	
;__Lib_System.c, 85 :: 		
0xBFC00038	0x70000000  NOP	
;__Lib_System.c, 86 :: 		
0xBFC0003C	0x70000000  NOP	
;__Lib_System.c, 87 :: 		
0xBFC00040	0x70000000  NOP	
;__Lib_System.c, 88 :: 		
0xBFC00044	0x70000000  NOP	
;__Lib_System.c, 89 :: 		
0xBFC00048	0x70000000  NOP	
;__Lib_System.c, 90 :: 		
0xBFC0004C	0x70000000  NOP	
;__Lib_System.c, 91 :: 		
0xBFC00050	0x70000000  NOP	
;__Lib_System.c, 94 :: 		
0xBFC00054	0x3C1DA001  LUI	SP, 40961
0xBFC00058	0x37BDFFFC  ORI	SP, SP, 65532
;__Lib_System.c, 95 :: 		
0xBFC0005C	0x3C01A000  LUI	GP, 40960
0xBFC00060	0x34218000  ORI	GP, GP, 32768
;__Lib_System.c, 99 :: 		
0xBFC00064	0x401E6002  MFC0	R30, 12, 2
;__Lib_System.c, 100 :: 		
0xBFC00068	0x03C0E00A  MOVZ	R28, R30, R0
;__Lib_System.c, 101 :: 		
0xBFC0006C	0x7FDB1E80  EXT	R27, R30, 26, 4
;__Lib_System.c, 102 :: 		
0xBFC00070	0x7F7E4984  INS	R30, R27, 6, 4
;__Lib_System.c, 103 :: 		
0xBFC00074	0x409E6002  MTC0	R30, 12, 2
;__Lib_System.c, 104 :: 		
0xBFC00078	0x41C10800  WRPGPR	GP, GP
;__Lib_System.c, 105 :: 		
0xBFC0007C	0x409C6002  MTC0	R28, 12, 2
;__Lib_System.c, 111 :: 		
0xBFC00080	0x3C02A421  LUI	R2, 42017
0xBFC00084	0x34420583  ORI	R2, R2, 1411
0xBFC00088	0x0040F00A  MOVZ	R30, R2, R0
0xBFC0008C	0x409E8000  MTC0	R30, 16, 0
;__Lib_System.c, 114 :: 		
0xBFC00090	0x0000100A  MOVZ	R2, R0, R0
0xBFC00094	0x0040F00A  MOVZ	R30, R2, R0
0xBFC00098	0x409E4800  MTC0	R30, 9, 0
;__Lib_System.c, 117 :: 		
0xBFC0009C	0x3C02FFFF  LUI	R2, 65535
0xBFC000A0	0x3442FFFF  ORI	R2, R2, 65535
0xBFC000A4	0x0040F00A  MOVZ	R30, R2, R0
0xBFC000A8	0x409E5800  MTC0	R30, 11, 0
;__Lib_System.c, 119 :: 		
0xBFC000AC	0x3C029FC0  LUI	R2, 40896
0xBFC000B0	0x34421000  ORI	R2, R2, 4096
0xBFC000B4	0x0040F00A  MOVZ	R30, R2, R0
0xBFC000B8	0x409E7801  MTC0	R30, 15, 1
;__Lib_System.c, 121 :: 		
0xBFC000BC	0x34020020  ORI	R2, R0, 32
0xBFC000C0	0x0040F00A  MOVZ	R30, R2, R0
0xBFC000C4	0x409E6001  MTC0	R30, 12, 1
;__Lib_System.c, 123 :: 		
0xBFC000C8	0x3C020400  LUI	R2, 1024
0xBFC000CC	0x0040F00A  MOVZ	R30, R2, R0
0xBFC000D0	0x409E6002  MTC0	R30, 12, 2
;__Lib_System.c, 124 :: 		
0xBFC000D4	0x0000100A  MOVZ	R2, R0, R0
0xBFC000D8	0x0040F00A  MOVZ	R30, R2, R0
0xBFC000DC	0x409E6003  MTC0	R30, 12, 3
;__Lib_System.c, 129 :: 		
0xBFC000E0	0x3C020010  LUI	R2, 16
0xBFC000E4	0x0040F00A  MOVZ	R30, R2, R0
0xBFC000E8	0x409E6000  MTC0	R30, 12, 0
;__Lib_System.c, 132 :: 		
0xBFC000EC	0x34020032  ORI	R2, R0, 50
0xBFC000F0	0x3C1EBF88  LUI	R30, 49032
0xBFC000F4	0xAFC24000  SW	R2, 16384(R30)
;__Lib_System.c, 137 :: 		
0xBFC000F8	0x34021000  ORI	R2, R0, 4096
0xBFC000FC	0x3C1EBF88  LUI	R30, 49032
0xBFC00100	0xAFC21000  SW	R2, 4096(R30)
;__Lib_System.c, 143 :: 		
0xBFC00104	0x3C020080  LUI	R2, 128
0xBFC00108	0x0040F00A  MOVZ	R30, R2, R0
0xBFC0010C	0x409E6800  MTC0	R30, 13, 0
;__Lib_System.c, 149 :: 		
0xBFC00110	0x3C1E9D00  LUI	R30, hi_addr(_main+0)
;__Lib_System.c, 150 :: 		
0xBFC00114	0x37DE0050  ORI	R30, R30, lo_addr(_main+0)
;__Lib_System.c, 152 :: 		
0xBFC00118	0x03C00008  JR	R30
;__Lib_System.c, 153 :: 		
0xBFC0011C	0x70000000  NOP	
;__Lib_System.c, 155 :: 		
L_end___BootStartUp:
0xBFC00120	0x03E00008  JR	RA
0xBFC00124	0x27BD0004  ADDIU	SP, SP, 4
; end of ___BootStartUp
___BootGenExcept:
;__Lib_System.c, 56 :: 		
0x9D000038	0x27BDFFFC  ADDIU	SP, SP, -4
;__Lib_System.c, 57 :: 		
L___BootGenExcept6:
;__Lib_System.c, 58 :: 		
0x9D00003C	0x0B40000F  J	L___BootGenExcept6
0x9D000040	0x70000000  NOP	
;__Lib_System.c, 59 :: 		
L_end___BootGenExcept:
0x9D000044	0x27BD0004  ADDIU	SP, SP, 4
0x9D000048	0x42000018  ERET	
0x9D00004C	0x70000000  NOP	
; end of ___BootGenExcept
___GenExcept:
;__Lib_System.c, 61 :: 		
0x9D000020	0x27BDFFFC  ADDIU	SP, SP, -4
;__Lib_System.c, 62 :: 		
L___GenExcept8:
;__Lib_System.c, 63 :: 		
0x9D000024	0x0B400009  J	L___GenExcept8
0x9D000028	0x70000000  NOP	
;__Lib_System.c, 64 :: 		
L_end___GenExcept:
0x9D00002C	0x27BD0004  ADDIU	SP, SP, 4
0x9D000030	0x42000018  ERET	
0x9D000034	0x70000000  NOP	
; end of ___GenExcept
0x9D0000EC	0x03E0C80A  MOVZ	R25, RA, R0
0x9D0000F0	0x3C170000  LUI	R23, 0
0x9D0000F4	0x36F70000  ORI	R23, R23, 0
0x9D0000F8	0x3C160000  LUI	R22, 0
0x9D0000FC	0x36D60000  ORI	R22, R22, 0
0x9D000100	0x0F400000  JAL	___FillZeros
0x9D000104	0x70000000  NOP	
0x9D000108	0x0320F80A  MOVZ	RA, R25, R0
0x9D00010C	0x03E00008  JR	RA
0x9D000110	0x70000000  NOP	
Symbol List:
//** Routines locations **
//ADDRESS    SIZE    PROCEDURE
//----------------------------------------------
0x9D000000      [32]    ___FillZeros
0x9D000020      [24]    ___GenExcept
0x9D000038      [24]    ___BootGenExcept
0x9D000050     [156]    _main
0xBFC00000     [296]    ___BootStartUp
//** Variables locations ** 
//ADDRESS    SIZE    VARIABLE
//----------------------------------------------
